{"D:\\Alyona\\programmer\\hexlet\\frontend-project-lvl2\\src\\index.js": {"path":"D:\\Alyona\\programmer\\hexlet\\frontend-project-lvl2\\src\\index.js","all":false,"statementMap":{"0":{"start":{"line":1,"column":0},"end":{"line":1,"column":24}},"1":{"start":{"line":2,"column":0},"end":{"line":2,"column":20}},"2":{"start":{"line":3,"column":0},"end":{"line":3,"column":23}},"3":{"start":{"line":4,"column":0},"end":{"line":4,"column":33}},"4":{"start":{"line":5,"column":0},"end":{"line":5,"column":0}},"5":{"start":{"line":6,"column":0},"end":{"line":6,"column":36}},"6":{"start":{"line":7,"column":0},"end":{"line":7,"column":64}},"7":{"start":{"line":8,"column":0},"end":{"line":8,"column":47}},"8":{"start":{"line":9,"column":0},"end":{"line":9,"column":0}},"9":{"start":{"line":10,"column":0},"end":{"line":10,"column":24}},"10":{"start":{"line":11,"column":0},"end":{"line":11,"column":2}},"11":{"start":{"line":12,"column":0},"end":{"line":12,"column":0}},"12":{"start":{"line":13,"column":0},"end":{"line":13,"column":29}},"13":{"start":{"line":14,"column":0},"end":{"line":14,"column":0}},"14":{"start":{"line":15,"column":0},"end":{"line":15,"column":43}},"15":{"start":{"line":16,"column":0},"end":{"line":16,"column":44}},"16":{"start":{"line":17,"column":0},"end":{"line":17,"column":44}},"17":{"start":{"line":18,"column":0},"end":{"line":18,"column":0}},"18":{"start":{"line":19,"column":0},"end":{"line":19,"column":60}},"19":{"start":{"line":20,"column":0},"end":{"line":20,"column":60}},"20":{"start":{"line":21,"column":0},"end":{"line":21,"column":0}},"21":{"start":{"line":22,"column":0},"end":{"line":22,"column":41}},"22":{"start":{"line":23,"column":0},"end":{"line":23,"column":41}},"23":{"start":{"line":24,"column":0},"end":{"line":24,"column":51}},"24":{"start":{"line":25,"column":0},"end":{"line":25,"column":0}},"25":{"start":{"line":26,"column":0},"end":{"line":26,"column":56}},"26":{"start":{"line":27,"column":0},"end":{"line":27,"column":36}},"27":{"start":{"line":28,"column":0},"end":{"line":28,"column":36}},"28":{"start":{"line":29,"column":0},"end":{"line":29,"column":24}},"29":{"start":{"line":30,"column":0},"end":{"line":30,"column":0}},"30":{"start":{"line":31,"column":0},"end":{"line":31,"column":31}},"31":{"start":{"line":32,"column":0},"end":{"line":32,"column":68}},"32":{"start":{"line":33,"column":0},"end":{"line":33,"column":5}},"33":{"start":{"line":34,"column":0},"end":{"line":34,"column":31}},"34":{"start":{"line":35,"column":0},"end":{"line":35,"column":68}},"35":{"start":{"line":36,"column":0},"end":{"line":36,"column":5}},"36":{"start":{"line":37,"column":0},"end":{"line":37,"column":28}},"37":{"start":{"line":38,"column":0},"end":{"line":38,"column":62}},"38":{"start":{"line":39,"column":0},"end":{"line":39,"column":5}},"39":{"start":{"line":40,"column":0},"end":{"line":40,"column":0}},"40":{"start":{"line":41,"column":0},"end":{"line":41,"column":112}},"41":{"start":{"line":42,"column":0},"end":{"line":42,"column":9}},"42":{"start":{"line":43,"column":0},"end":{"line":43,"column":0}},"43":{"start":{"line":44,"column":0},"end":{"line":44,"column":18}},"44":{"start":{"line":45,"column":0},"end":{"line":45,"column":8}},"45":{"start":{"line":46,"column":0},"end":{"line":46,"column":19}},"46":{"start":{"line":47,"column":0},"end":{"line":47,"column":8}},"47":{"start":{"line":48,"column":0},"end":{"line":48,"column":4}},"48":{"start":{"line":49,"column":0},"end":{"line":49,"column":0}},"49":{"start":{"line":50,"column":0},"end":{"line":50,"column":27}},"50":{"start":{"line":51,"column":0},"end":{"line":51,"column":2}},"51":{"start":{"line":52,"column":0},"end":{"line":52,"column":0}},"52":{"start":{"line":53,"column":0},"end":{"line":53,"column":23}}},"s":{"0":1,"1":4,"2":4,"3":4,"4":4,"5":4,"6":4,"7":1,"8":1,"9":1,"10":2,"11":2,"12":2,"13":2,"14":2,"15":2,"16":2,"17":2,"18":2,"19":2,"20":2,"21":2,"22":2,"23":2,"24":10,"25":10,"26":10,"27":10,"28":4,"29":4,"30":10,"31":10,"32":2,"33":10,"34":10,"35":2,"36":2,"37":2,"38":2,"39":2,"40":2,"41":1,"42":1,"43":1,"44":1,"45":1,"46":1,"47":1,"48":1,"49":1,"50":1,"51":1,"52":1},"branchMap":{"0":{"type":"branch","line":2,"loc":{"start":{"line":2,"column":0},"end":{"line":8,"column":8}},"locations":[{"start":{"line":2,"column":0},"end":{"line":8,"column":8}}]},"1":{"type":"branch","line":10,"loc":{"start":{"line":10,"column":2},"end":{"line":42,"column":5}},"locations":[{"start":{"line":10,"column":2},"end":{"line":42,"column":5}}]},"2":{"type":"branch","line":24,"loc":{"start":{"line":24,"column":8},"end":{"line":41,"column":41}},"locations":[{"start":{"line":24,"column":8},"end":{"line":41,"column":41}}]},"3":{"type":"branch","line":28,"loc":{"start":{"line":28,"column":10},"end":{"line":31,"column":14}},"locations":[{"start":{"line":28,"column":10},"end":{"line":31,"column":14}}]},"4":{"type":"branch","line":31,"loc":{"start":{"line":31,"column":24},"end":{"line":32,"column":25}},"locations":[{"start":{"line":31,"column":24},"end":{"line":32,"column":25}}]},"5":{"type":"branch","line":32,"loc":{"start":{"line":32,"column":23},"end":{"line":34,"column":14}},"locations":[{"start":{"line":32,"column":23},"end":{"line":34,"column":14}}]},"6":{"type":"branch","line":34,"loc":{"start":{"line":34,"column":24},"end":{"line":35,"column":14}},"locations":[{"start":{"line":34,"column":24},"end":{"line":35,"column":14}}]},"7":{"type":"branch","line":35,"loc":{"start":{"line":35,"column":13},"end":{"line":41,"column":41}},"locations":[{"start":{"line":35,"column":13},"end":{"line":41,"column":41}}]}},"b":{"0":[4],"1":[2],"2":[10],"3":[4],"4":[6],"5":[2],"6":[4],"7":[2]},"fnMap":{"0":{"name":"makeFileData","decl":{"start":{"line":2,"column":0},"end":{"line":8,"column":8}},"loc":{"start":{"line":2,"column":0},"end":{"line":8,"column":8}},"line":2},"1":{"name":"genDiff","decl":{"start":{"line":10,"column":2},"end":{"line":42,"column":5}},"loc":{"start":{"line":10,"column":2},"end":{"line":42,"column":5}},"line":10}},"f":{"0":4,"1":2}}
,"D:\\Alyona\\programmer\\hexlet\\frontend-project-lvl2\\src\\parsers.js": {"path":"D:\\Alyona\\programmer\\hexlet\\frontend-project-lvl2\\src\\parsers.js","all":false,"statementMap":{"0":{"start":{"line":1,"column":0},"end":{"line":1,"column":27}},"1":{"start":{"line":2,"column":0},"end":{"line":2,"column":0}},"2":{"start":{"line":3,"column":0},"end":{"line":3,"column":31}},"3":{"start":{"line":4,"column":0},"end":{"line":4,"column":17}},"4":{"start":{"line":5,"column":0},"end":{"line":5,"column":16}},"5":{"start":{"line":6,"column":0},"end":{"line":6,"column":30}},"6":{"start":{"line":7,"column":0},"end":{"line":7,"column":15}},"7":{"start":{"line":8,"column":0},"end":{"line":8,"column":33}},"8":{"start":{"line":9,"column":0},"end":{"line":9,"column":12}},"9":{"start":{"line":10,"column":0},"end":{"line":10,"column":70}},"10":{"start":{"line":11,"column":0},"end":{"line":11,"column":3}},"11":{"start":{"line":12,"column":0},"end":{"line":12,"column":2}},"12":{"start":{"line":13,"column":0},"end":{"line":13,"column":0}},"13":{"start":{"line":14,"column":0},"end":{"line":14,"column":21}}},"s":{"0":2,"1":2,"2":4,"3":2,"4":4,"5":4,"6":0,"7":0,"8":0,"9":1,"10":1,"11":1,"12":1,"13":1},"branchMap":{"0":{"type":"branch","line":1,"loc":{"start":{"line":1,"column":0},"end":{"line":9,"column":12}},"locations":[{"start":{"line":1,"column":0},"end":{"line":9,"column":12}}]},"1":{"type":"branch","line":1,"loc":{"start":{"line":1,"column":0},"end":{"line":3,"column":15}},"locations":[{"start":{"line":1,"column":0},"end":{"line":3,"column":15}}]},"2":{"type":"branch","line":3,"loc":{"start":{"line":3,"column":21},"end":{"line":5,"column":9}},"locations":[{"start":{"line":3,"column":21},"end":{"line":5,"column":9}}]},"3":{"type":"branch","line":6,"loc":{"start":{"line":6,"column":6},"end":{"line":9,"column":12}},"locations":[{"start":{"line":6,"column":6},"end":{"line":9,"column":12}}]}},"b":{"0":[4],"1":[2],"2":[2],"3":[0]},"fnMap":{"0":{"name":"parse","decl":{"start":{"line":1,"column":0},"end":{"line":9,"column":12}},"loc":{"start":{"line":1,"column":0},"end":{"line":9,"column":12}},"line":1}},"f":{"0":4}}
}
