TN:
SF:src\index.js
FN:1,readJSON
FN:7,genDiff
FNF:2
FNH:2
FNDA:2,readJSON
FNDA:1,genDiff
DA:1,2
DA:2,2
DA:3,2
DA:4,2
DA:5,2
DA:6,1
DA:7,1
DA:8,1
DA:9,1
DA:10,1
DA:11,1
DA:12,1
DA:13,1
DA:14,1
DA:15,1
DA:16,1
DA:17,1
DA:18,1
DA:19,1
DA:20,1
DA:21,5
DA:22,5
DA:23,5
DA:24,5
DA:25,2
DA:26,2
DA:27,5
DA:28,5
DA:29,1
DA:30,5
DA:31,5
DA:32,1
DA:33,1
DA:34,1
DA:35,1
DA:36,1
DA:37,1
DA:38,1
DA:39,1
DA:40,1
DA:41,1
DA:42,1
DA:43,1
DA:44,1
DA:45,1
DA:46,1
DA:47,1
DA:48,1
DA:49,1
LF:49
LH:49
BRDA:1,0,0,2
BRDA:7,1,0,1
BRDA:20,2,0,5
BRDA:24,3,0,2
BRDA:27,4,0,3
BRDA:28,5,0,1
BRDA:30,6,0,2
BRDA:31,7,0,1
BRF:8
BRH:8
end_of_record
