TN:
SF:src\index.js
FN:2,makeFileData
FN:10,genDiff
FNF:2
FNH:2
FNDA:4,makeFileData
FNDA:2,genDiff
DA:1,1
DA:2,4
DA:3,4
DA:4,4
DA:5,4
DA:6,4
DA:7,4
DA:8,1
DA:9,1
DA:10,1
DA:11,2
DA:12,2
DA:13,2
DA:14,2
DA:15,2
DA:16,2
DA:17,2
DA:18,2
DA:19,2
DA:20,2
DA:21,2
DA:22,2
DA:23,2
DA:24,2
DA:25,10
DA:26,10
DA:27,10
DA:28,10
DA:29,4
DA:30,4
DA:31,10
DA:32,10
DA:33,2
DA:34,10
DA:35,10
DA:36,2
DA:37,2
DA:38,2
DA:39,2
DA:40,2
DA:41,2
DA:42,1
DA:43,1
DA:44,1
DA:45,1
DA:46,1
DA:47,1
DA:48,1
DA:49,1
DA:50,1
DA:51,1
DA:52,1
DA:53,1
LF:53
LH:53
BRDA:2,0,0,4
BRDA:10,1,0,2
BRDA:24,2,0,10
BRDA:28,3,0,4
BRDA:31,4,0,6
BRDA:32,5,0,2
BRDA:34,6,0,4
BRDA:35,7,0,2
BRF:8
BRH:8
end_of_record
TN:
SF:src\parsers.js
FN:1,parse
FNF:1
FNH:1
FNDA:4,parse
DA:1,2
DA:2,2
DA:3,4
DA:4,2
DA:5,4
DA:6,4
DA:7,0
DA:8,0
DA:9,0
DA:10,1
DA:11,1
DA:12,1
DA:13,1
DA:14,1
LF:14
LH:11
BRDA:1,0,0,4
BRDA:1,1,0,2
BRDA:3,2,0,2
BRDA:6,3,0,0
BRF:4
BRH:3
end_of_record
